
> taskbox@0.2.0 build-storybook
> ng run taskbox:build-storybook --output-dir C:\Users\HRISTO~1.KOS\AppData\Local\Temp\chromatic--19164-XeTrjSe1n4bM

[0m
[0m [0m [0m [0m [0m [0m [0m [0m [0m [0m [0m [0m [0m [0m [0m [0m [0m [0m [0m [0m [0m [0m [0m [0m [0m [0m [0m [0m [0m [0m [0m [0m [0m [0m [0m [0m [0m [0m [0m [0m [0m [0m [0m [0m [0m [0m [0m [0m [0m [0m [0m [0m [0m [0m [0m [0m [0m [0m [0m [48;5;255m [48;5;255m [0m [0m [0m [0m [0m [0m [0m [0m [0m [0m [0m [0m
[0m [0m [0m [0m [0m [0m [0m [0m [0m [0m [0m [0m [0m [0m [0m [0m [0m [0m [0m [0m [0m [0m [0m [0m [0m [0m [0m [0m [0m [0m [0m [0m [0m [0m [0m [0m [0m [0m [0m [0m [0m [0m [0m [0m [0m [0m [0m [0m [0m [0m [0m [0m [0m [0m [0m [0m [0m [0m [0m [48;5;255m [48;5;255m [0m [0m [0m [0m [0m [0m [0m [0m [0m [0m [0m [0m
[0m [0m [0m [0m [0m [0m [0m [0m [0m [0m [0m [0m [0m [0m [0m [0m [0m [0m [0m [0m [0m [0m [0m [0m [0m [0m [0m [0m [0m [0m [0m [0m [0m [0m [0m [0m [0m [0m [0m [0m [0m [0m [0m [0m [0m [0m [0m [0m [0m [0m [0m [0m [0m [0m [0m [0m [0m [0m [0m [48;5;255m [48;5;255m [0m [0m [0m [0m [0m [0m [0m [0m [0m [0m [0m [0m
[48;5;255m [48;5;255m [48;5;255m [48;5;255m [48;5;255m [48;5;255m [48;5;255m [0m [0m [48;5;255m [48;5;255m [48;5;255m [48;5;255m [48;5;255m [48;5;255m [48;5;255m [48;5;255m [0m [0m [48;5;255m [48;5;255m [48;5;255m [48;5;255m [48;5;255m [48;5;255m [48;5;255m [48;5;255m [48;5;255m [48;5;255m [48;5;255m [48;5;255m [0m [0m [48;5;255m [48;5;255m [48;5;255m [48;5;255m [48;5;255m [48;5;255m [48;5;255m [48;5;255m [0m [0m [48;5;255m [48;5;255m [48;5;255m [48;5;255m [48;5;255m [48;5;255m [48;5;255m [48;5;255m [0m [0m [48;5;255m [48;5;255m [48;5;255m [48;5;255m [48;5;255m [48;5;255m [48;5;255m [48;5;255m [0m [0m [48;5;255m [48;5;255m [48;5;255m [48;5;255m [48;5;255m [48;5;255m [48;5;255m [48;5;255m [0m [0m [48;5;255m [48;5;255m [48;5;255m [48;5;255m [48;5;255m [48;5;255m [48;5;255m [48;5;255m [0m
[48;5;255m [48;5;255m [0m [0m [0m [0m [0m [0m [0m [48;5;255m [48;5;255m [0m [0m [0m [0m [48;5;255m [48;5;255m [0m [0m [48;5;255m [48;5;255m [0m [0m [0m [48;5;255m [48;5;255m [0m [0m [0m [48;5;255m [48;5;255m [0m [0m [48;5;255m [48;5;255m [0m [0m [0m [0m [48;5;255m [48;5;255m [0m [0m [48;5;255m [48;5;255m [0m [0m [0m [0m [48;5;255m [48;5;255m [0m [0m [48;5;255m [48;5;255m [0m [0m [0m [0m [48;5;255m [48;5;255m [0m [0m [48;5;255m [48;5;255m [0m [0m [0m [0m [48;5;255m [48;5;255m [0m [0m [48;5;255m [48;5;255m [0m
[48;5;255m [48;5;255m [0m [0m [0m [0m [0m [0m [0m [48;5;255m [48;5;255m [0m [0m [0m [0m [48;5;255m [48;5;255m [0m [0m [48;5;255m [48;5;255m [0m [0m [0m [48;5;255m [48;5;255m [0m [0m [0m [48;5;255m [48;5;255m [0m [0m [48;5;255m [48;5;255m [0m [0m [0m [0m [48;5;255m [48;5;255m [0m [0m [48;5;255m [48;5;255m [0m [0m [0m [0m [48;5;255m [48;5;255m [0m [0m [48;5;255m [48;5;255m [0m [0m [0m [0m [48;5;255m [48;5;255m [0m [0m [48;5;255m [48;5;255m [0m [0m [0m [0m [48;5;255m [48;5;255m [0m [0m [48;5;255m [48;5;255m [0m
[48;5;255m [48;5;255m [0m [0m [0m [0m [0m [0m [0m [48;5;255m [48;5;255m [0m [0m [0m [0m [48;5;255m [48;5;255m [0m [0m [48;5;255m [48;5;255m [0m [0m [0m [48;5;255m [48;5;255m [0m [0m [0m [48;5;255m [48;5;255m [0m [0m [48;5;255m [48;5;255m [0m [0m [0m [0m [48;5;255m [48;5;255m [0m [0m [48;5;255m [48;5;255m [0m [0m [0m [0m [48;5;255m [48;5;255m [0m [0m [48;5;255m [48;5;255m [0m [0m [0m [0m [48;5;255m [48;5;255m [0m [0m [48;5;255m [48;5;255m [0m [0m [0m [0m [48;5;255m [48;5;255m [0m [0m [48;5;255m [48;5;255m [0m
[48;5;255m [48;5;255m [48;5;255m [48;5;255m [48;5;255m [48;5;255m [48;5;255m [0m [0m [48;5;255m [48;5;255m [48;5;255m [48;5;255m [48;5;255m [48;5;255m [48;5;255m [48;5;255m [0m [0m [48;5;255m [48;5;255m [0m [0m [0m [48;5;255m [48;5;255m [0m [0m [0m [48;5;255m [48;5;255m [0m [0m [48;5;255m [48;5;255m [48;5;255m [48;5;255m [48;5;255m [48;5;255m [48;5;255m [48;5;255m [0m [0m [48;5;255m [48;5;255m [48;5;255m [48;5;255m [48;5;255m [48;5;255m [48;5;255m [48;5;255m [0m [0m [48;5;255m [48;5;255m [48;5;255m [48;5;255m [48;5;255m [48;5;255m [48;5;255m [48;5;255m [0m [0m [48;5;255m [48;5;255m [48;5;255m [48;5;255m [48;5;255m [48;5;255m [48;5;255m [48;5;255m [0m [0m [48;5;255m [48;5;255m [48;5;255m [48;5;255m [48;5;255m [48;5;255m [48;5;255m [48;5;255m [0m
[0m [0m [0m [0m [0m [0m [0m [0m [0m [0m [0m [0m [0m [0m [0m [0m [0m [0m [0m [0m [0m [0m [0m [0m [0m [0m [0m [0m [0m [0m [0m [0m [0m [48;5;255m [48;5;255m [0m [0m [0m [0m [0m [0m [0m [0m [0m [0m [0m [0m
[0m [0m [0m [0m [0m [0m [0m [0m [0m [0m [0m [0m [0m [0m [0m [0m [0m [0m [0m [0m [0m [0m [0m [0m [0m [0m [0m [0m [0m [0m [0m [0m [0m [48;5;255m [48;5;255m [0m [0m [0m [0m [0m [0m [0m [0m [0m [0m [0m [0m
[0m [0m [0m [0m [0m [0m [0m [0m [0m [0m [0m [0m [0m [0m [0m [0m [0m [0m [0m [0m [0m [0m [0m [0m [0m [0m [0m [0m [0m [0m [0m [0m [0m [48;5;255m [48;5;255m [0m [0m [0m [0m [0m [0m [0m [0m [0m [0m [0m [0m

1.1.23

TypeScript version used by Compodoc : 5.2.2

TypeScript version of current project : 5.2.2

Node.js version : v20.11.1

Operating system : Windows 10

[15:01:44] No configuration file found, switching to CLI flags.
[15:01:44] Using tsconfig file : C:\Users\hristofor.kostadinov\Test Projects\Storybook\taskbox\.storybook\tsconfig.json
[15:01:44] Including      : C:/Users/hristofor.kostadinov/Test Projects/Storybook/taskbox/.storybook/preview.ts
[15:01:44] Excluding      : C:/Users/hristofor.kostadinov/Test Projects/Storybook/taskbox/src/favicon.ico
[15:01:44] Excluding      : C:/Users/hristofor.kostadinov/Test Projects/Storybook/taskbox/src/index.html
[15:01:44] Including      : C:/Users/hristofor.kostadinov/Test Projects/Storybook/taskbox/src/main.ts
[15:01:44] Including      : C:/Users/hristofor.kostadinov/Test Projects/Storybook/taskbox/src/polyfills.ts
[15:01:44] Excluding      : C:/Users/hristofor.kostadinov/Test Projects/Storybook/taskbox/src/styles.css
[15:01:44] Excluding      : C:/Users/hristofor.kostadinov/Test Projects/Storybook/taskbox/src/app/app.component.css
[15:01:44] Excluding      : C:/Users/hristofor.kostadinov/Test Projects/Storybook/taskbox/src/app/app.component.html
[15:01:44] Including      : C:/Users/hristofor.kostadinov/Test Projects/Storybook/taskbox/src/app/app.component.ts
[15:01:44] Including      : C:/Users/hristofor.kostadinov/Test Projects/Storybook/taskbox/src/app/app.module.ts
[15:01:44] Including      : C:/Users/hristofor.kostadinov/Test Projects/Storybook/taskbox/src/environments/environment.prod.ts
[15:01:44] Including      : C:/Users/hristofor.kostadinov/Test Projects/Storybook/taskbox/src/environments/environment.ts
[15:01:44] Including      : C:/Users/hristofor.kostadinov/Test Projects/Storybook/taskbox/src/stories/button.component.ts
[15:01:44] Excluding      : C:/Users/hristofor.kostadinov/Test Projects/Storybook/taskbox/src/stories/button.css
[15:01:44] Including      : C:/Users/hristofor.kostadinov/Test Projects/Storybook/taskbox/src/stories/Button.stories.ts
[15:01:44] Including      : C:/Users/hristofor.kostadinov/Test Projects/Storybook/taskbox/src/stories/header.component.ts
[15:01:44] Excluding      : C:/Users/hristofor.kostadinov/Test Projects/Storybook/taskbox/src/stories/header.css
[15:01:44] Including      : C:/Users/hristofor.kostadinov/Test Projects/Storybook/taskbox/src/stories/Header.stories.ts
[15:01:44] Excluding      : C:/Users/hristofor.kostadinov/Test Projects/Storybook/taskbox/src/stories/Introduction.mdx
[15:01:44] Including      : C:/Users/hristofor.kostadinov/Test Projects/Storybook/taskbox/src/stories/page.component.ts
[15:01:44] Excluding      : C:/Users/hristofor.kostadinov/Test Projects/Storybook/taskbox/src/stories/page.css
[15:01:44] Including      : C:/Users/hristofor.kostadinov/Test Projects/Storybook/taskbox/src/stories/Page.stories.ts
[15:01:44] Including      : C:/Users/hristofor.kostadinov/Test Projects/Storybook/taskbox/src/stories/User.ts
[15:01:44] Including      : C:/Users/hristofor.kostadinov/Test Projects/Storybook/taskbox/src/app/components/inbox-screen.component.ts
[15:01:44] Including      : C:/Users/hristofor.kostadinov/Test Projects/Storybook/taskbox/src/app/components/pure-inbox-screen.component.ts
[15:01:44] Including      : C:/Users/hristofor.kostadinov/Test Projects/Storybook/taskbox/src/app/components/pure-inbox-screen.stories.ts
[15:01:44] Including      : C:/Users/hristofor.kostadinov/Test Projects/Storybook/taskbox/src/app/components/pure-task-list.component.ts
[15:01:44] Including      : C:/Users/hristofor.kostadinov/Test Projects/Storybook/taskbox/src/app/components/pure-task-list.stories.ts
[15:01:44] Including      : C:/Users/hristofor.kostadinov/Test Projects/Storybook/taskbox/src/app/components/task-list.component.ts
[15:01:44] Including      : C:/Users/hristofor.kostadinov/Test Projects/Storybook/taskbox/src/app/components/task.component.ts
[15:01:44] Including      : C:/Users/hristofor.kostadinov/Test Projects/Storybook/taskbox/src/app/components/task.module.ts
[15:01:44] Including      : C:/Users/hristofor.kostadinov/Test Projects/Storybook/taskbox/src/app/components/task.stories.ts
[15:01:44] Including      : C:/Users/hristofor.kostadinov/Test Projects/Storybook/taskbox/src/app/models/task.model.ts
[15:01:44] Including      : C:/Users/hristofor.kostadinov/Test Projects/Storybook/taskbox/src/app/state/task.state.ts
[15:01:44] Excluding      : C:/Users/hristofor.kostadinov/Test Projects/Storybook/taskbox/src/assets/font/OpenSans-Light-webfont.eot
[15:01:44] Excluding      : C:/Users/hristofor.kostadinov/Test Projects/Storybook/taskbox/src/assets/font/OpenSans-Light-webfont.svg
[15:01:44] Excluding      : C:/Users/hristofor.kostadinov/Test Projects/Storybook/taskbox/src/assets/font/OpenSans-Light-webfont.ttf
[15:01:44] Excluding      : C:/Users/hristofor.kostadinov/Test Projects/Storybook/taskbox/src/assets/font/OpenSans-Light-webfont.woff
[15:01:44] Excluding      : C:/Users/hristofor.kostadinov/Test Projects/Storybook/taskbox/src/assets/font/OpenSans-Regular-webfont.eot
[15:01:44] Excluding      : C:/Users/hristofor.kostadinov/Test Projects/Storybook/taskbox/src/assets/font/OpenSans-Regular-webfont.svg
[15:01:44] Excluding      : C:/Users/hristofor.kostadinov/Test Projects/Storybook/taskbox/src/assets/font/OpenSans-Regular-webfont.ttf
[15:01:44] Excluding      : C:/Users/hristofor.kostadinov/Test Projects/Storybook/taskbox/src/assets/font/OpenSans-Regular-webfont.woff
[15:01:44] Excluding      : C:/Users/hristofor.kostadinov/Test Projects/Storybook/taskbox/src/assets/icon/percolate.eot
[15:01:44] Excluding      : C:/Users/hristofor.kostadinov/Test Projects/Storybook/taskbox/src/assets/icon/percolate.svg
[15:01:44] Excluding      : C:/Users/hristofor.kostadinov/Test Projects/Storybook/taskbox/src/assets/icon/percolate.ttf
[15:01:44] Excluding      : C:/Users/hristofor.kostadinov/Test Projects/Storybook/taskbox/src/assets/icon/percolate.woff
[15:01:44] Excluding      : C:/Users/hristofor.kostadinov/Test Projects/Storybook/taskbox/src/stories/assets/code-brackets.svg
[15:01:44] Excluding      : C:/Users/hristofor.kostadinov/Test Projects/Storybook/taskbox/src/stories/assets/colors.svg
[15:01:44] Excluding      : C:/Users/hristofor.kostadinov/Test Projects/Storybook/taskbox/src/stories/assets/comments.svg
[15:01:44] Excluding      : C:/Users/hristofor.kostadinov/Test Projects/Storybook/taskbox/src/stories/assets/direction.svg
[15:01:44] Excluding      : C:/Users/hristofor.kostadinov/Test Projects/Storybook/taskbox/src/stories/assets/flow.svg
[15:01:44] Excluding      : C:/Users/hristofor.kostadinov/Test Projects/Storybook/taskbox/src/stories/assets/plugin.svg
[15:01:44] Excluding      : C:/Users/hristofor.kostadinov/Test Projects/Storybook/taskbox/src/stories/assets/repo.svg
[15:01:44] Excluding      : C:/Users/hristofor.kostadinov/Test Projects/Storybook/taskbox/src/stories/assets/stackalt.svg
[15:01:44] Searching package.json file
[15:01:44] package.json file found
[15:01:44] Processing package.json dependencies
[15:01:44] Searching README.md, CHANGELOG.md, CONTRIBUTING.md, LICENSE.md, TODO.md files
[15:01:44] README.md file found
[15:01:44] Error during C:\Users\hristofor.kostadinov\Test Projects\Storybook\taskbox\CHANGELOG read
[15:01:44] Continuing without CHANGELOG.md file
[15:01:44] Error during C:\Users\hristofor.kostadinov\Test Projects\Storybook\taskbox\CONTRIBUTING read
[15:01:44] Continuing without CONTRIBUTING.md file
[15:01:44] LICENSE.md file found
[15:01:44] Error during C:\Users\hristofor.kostadinov\Test Projects\Storybook\taskbox\TODO read
[15:01:44] Continuing without TODO.md file
[15:01:44] Get dependencies data
[15:01:45] parsing        : C:/Users/hristofor.kostadinov/Test Projects/Storybook/taskbox/.storybook/preview.ts
[15:01:45] found          : preview
[15:01:45] parsing        : C:/Users/hristofor.kostadinov/Test Projects/Storybook/taskbox/src/main.ts
[15:01:45] parsing        : C:/Users/hristofor.kostadinov/Test Projects/Storybook/taskbox/src/polyfills.ts
[15:01:45] parsing        : C:/Users/hristofor.kostadinov/Test Projects/Storybook/taskbox/src/app/app.component.ts
[15:01:45] found          : AppComponent
[15:01:45] parsing        : C:/Users/hristofor.kostadinov/Test Projects/Storybook/taskbox/src/app/app.module.ts
[15:01:45] found          : AppModule
[15:01:45]                : - imports:
[15:01:45]                : 	- BrowserModule
[15:01:45]                : 	- TaskModule
[15:01:45]                : 	- NgxsModule
[15:01:45]                : 	- NgxsReduxDevtoolsPluginModule
[15:01:45]                : 	- NgxsLoggerPluginModule
[15:01:45]                : - declarations:
[15:01:45]                : 	- AppComponent
[15:01:45]                : 	- InboxScreenComponent
[15:01:45]                : 	- PureInboxScreenComponent
[15:01:45]                : - bootstrap:
[15:01:45]                : 	- AppComponent
[15:01:45] parsing        : C:/Users/hristofor.kostadinov/Test Projects/Storybook/taskbox/src/environments/environment.prod.ts
[15:01:45] found          : environment
[15:01:45] parsing        : C:/Users/hristofor.kostadinov/Test Projects/Storybook/taskbox/src/environments/environment.ts
[15:01:45] found          : environment
[15:01:45] parsing        : C:/Users/hristofor.kostadinov/Test Projects/Storybook/taskbox/src/stories/button.component.ts
[15:01:45] found          : ButtonComponent
[15:01:45]                : - imports:
[15:01:45]                : 	- CommonModule
[15:01:45] parsing        : C:/Users/hristofor.kostadinov/Test Projects/Storybook/taskbox/src/stories/Button.stories.ts
[15:01:45] found          : meta
[15:01:45] found          : Story
[15:01:45] found          : Primary
[15:01:45] found          : Secondary
[15:01:45] found          : Large
[15:01:45] found          : Small
[15:01:45] parsing        : C:/Users/hristofor.kostadinov/Test Projects/Storybook/taskbox/src/stories/header.component.ts
[15:01:45] found          : HeaderComponent
[15:01:45] parsing        : C:/Users/hristofor.kostadinov/Test Projects/Storybook/taskbox/src/stories/Header.stories.ts
[15:01:45] found          : meta
[15:01:45] found          : Story
[15:01:45] found          : LoggedIn
[15:01:45] found          : LoggedOut
[15:01:45] parsing        : C:/Users/hristofor.kostadinov/Test Projects/Storybook/taskbox/src/stories/page.component.ts
[15:01:45] found          : PageComponent
[15:01:45] parsing        : C:/Users/hristofor.kostadinov/Test Projects/Storybook/taskbox/src/stories/Page.stories.ts
[15:01:45] found          : meta
[15:01:45] found          : Story
[15:01:45] found          : LoggedOut
[15:01:45] found          : LoggedIn
[15:01:45] parsing        : C:/Users/hristofor.kostadinov/Test Projects/Storybook/taskbox/src/stories/User.ts
[15:01:45] found          : User
[15:01:45] parsing        : C:/Users/hristofor.kostadinov/Test Projects/Storybook/taskbox/src/app/components/inbox-screen.component.ts
[15:01:45] found          : InboxScreenComponent
[15:01:45] parsing        : C:/Users/hristofor.kostadinov/Test Projects/Storybook/taskbox/src/app/components/pure-inbox-screen.component.ts
[15:01:45] found          : PureInboxScreenComponent
[15:01:45] parsing        : C:/Users/hristofor.kostadinov/Test Projects/Storybook/taskbox/src/app/components/pure-inbox-screen.stories.ts
[15:01:45] found          : meta
[15:01:45] found          : Story
[15:01:45] found          : Default
[15:01:45] found          : Error
[15:01:45] found          : WithInteractions
[15:01:45] parsing        : C:/Users/hristofor.kostadinov/Test Projects/Storybook/taskbox/src/app/components/pure-task-list.component.ts
[15:01:45] found          : PureTaskListComponent
[15:01:45] parsing        : C:/Users/hristofor.kostadinov/Test Projects/Storybook/taskbox/src/app/components/pure-task-list.stories.ts
[15:01:45] found          : meta
[15:01:45] found          : Story
[15:01:45] found          : Default
[15:01:45] found          : WithPinnedTasks
[15:01:45] found          : Loading
[15:01:45] found          : Empty
[15:01:45] parsing        : C:/Users/hristofor.kostadinov/Test Projects/Storybook/taskbox/src/app/components/task-list.component.ts
[15:01:45] found          : TaskListComponent
[15:01:45] parsing        : C:/Users/hristofor.kostadinov/Test Projects/Storybook/taskbox/src/app/components/task.component.ts
[15:01:45] found          : TaskComponent
[15:01:45] parsing        : C:/Users/hristofor.kostadinov/Test Projects/Storybook/taskbox/src/app/components/task.module.ts
[15:01:45] found          : TaskModule
[15:01:45]                : - imports:
[15:01:45]                : 	- CommonModule
[15:01:45]                : 	- NgxsModule
[15:01:45]                : - exports:
[15:01:45]                : 	- TaskComponent
[15:01:45]                : 	- TaskListComponent
[15:01:45]                : - declarations:
[15:01:45]                : 	- TaskComponent
[15:01:45]                : 	- TaskListComponent
[15:01:45]                : 	- PureTaskListComponent
[15:01:45] parsing        : C:/Users/hristofor.kostadinov/Test Projects/Storybook/taskbox/src/app/components/task.stories.ts
[15:01:45] found          : actionsData
[15:01:45] found          : meta
[15:01:45] found          : Story
[15:01:45] found          : Default
[15:01:45] found          : Pinned
[15:01:45] found          : Archived
[15:01:45] parsing        : C:/Users/hristofor.kostadinov/Test Projects/Storybook/taskbox/src/app/models/task.model.ts
[15:01:45] found          : Task
[15:01:45] parsing        : C:/Users/hristofor.kostadinov/Test Projects/Storybook/taskbox/src/app/state/task.state.ts
[15:01:45] found          : actions
[15:01:45] found          : ArchiveTask
[15:01:45] found          : PinTask
[15:01:45] found          : AppError
[15:01:45] found          : defaultTasks
[15:01:45] found          : TaskStateModel
[15:01:45] found          : TasksState
[15:01:45] -------------------
[15:01:45] Project statistics 
[15:01:45] - files      : 26
[15:01:45] - module     : 2
[15:01:45] - component  : 9
[15:01:45] - injectable : 1
[15:01:45] - class      : 3
[15:01:45] - interface  : 3
[15:01:45] -------------------
[15:01:45] Prepare components
[15:01:45]  ButtonComponent has styleUrls, include them
[15:01:45]  HeaderComponent has styleUrls, include them
[15:01:45]  PageComponent has styleUrls, include them
[15:01:45] Prepare modules
[15:01:45] Prepare injectables
[15:01:45] Prepare classes
[15:01:45] Prepare interfaces
[15:01:45] Prepare miscellaneous
[15:01:45] Process documentation coverage report
[15:01:45] Generating documentation in export format json
[15:01:45] Documentation generated in ./ in 2.711 seconds
info => Cleaning outputDir: C:\Users\HRISTO~1.KOS\AppData\Local\Temp\chromatic--19164-XeTrjSe1n4bM

info => Loading presets
info => Building manager..
info => Manager built (1.7 s)
info => Building preview..
info => Copying static files: C:\Users\hristofor.kostadinov\Test Projects\Storybook\taskbox\node_modules\@storybook\manager\static at C:\Users\HRISTO~1.KOS\AppData\Local\Temp\chromatic--19164-XeTrjSe1n4bM\sb-common-assets
info Using Babel compiler
info Addon-docs: using MDX2
info => Using implicit CSS loaders
info => Using angular browser target options from "taskbox:build"
info => Using angular project with "tsConfig:C:\Users\hristofor.kostadinov\Test Projects\Storybook\taskbox\.storybook\tsconfig.json"
info => Using default Webpack5 setup
WARN C:/Users/hristofor.kostadinov/Test Projects/Storybook/taskbox/src/app/app.component.ts is part of the TypeScript compilation but it's unused.
WARN Add only entry points to the 'files' or 'include' properties in your tsconfig.
WARN C:/Users/hristofor.kostadinov/Test Projects/Storybook/taskbox/src/app/app.module.ts is part of the TypeScript compilation but it's unused.
WARN Add only entry points to the 'files' or 'include' properties in your tsconfig.
WARN C:/Users/hristofor.kostadinov/Test Projects/Storybook/taskbox/src/app/components/inbox-screen.component.ts is part of the TypeScript compilation but it's unused.
WARN Add only entry points to the 'files' or 'include' properties in your tsconfig.
WARN C:/Users/hristofor.kostadinov/Test Projects/Storybook/taskbox/src/environments/environment.prod.ts is part of the TypeScript compilation but it's unused.
WARN Add only entry points to the 'files' or 'include' properties in your tsconfig.
WARN C:/Users/hristofor.kostadinov/Test Projects/Storybook/taskbox/src/environments/environment.ts is part of the TypeScript compilation but it's unused.
WARN Add only entry points to the 'files' or 'include' properties in your tsconfig.
WARN C:/Users/hristofor.kostadinov/Test Projects/Storybook/taskbox/src/main.ts is part of the TypeScript compilation but it's unused.
WARN Add only entry points to the 'files' or 'include' properties in your tsconfig.
WARN C:/Users/hristofor.kostadinov/Test Projects/Storybook/taskbox/src/polyfills.ts is part of the TypeScript compilation but it's unused.
WARN Add only entry points to the 'files' or 'include' properties in your tsconfig.
WARN C:/Users/hristofor.kostadinov/Test Projects/Storybook/taskbox/src/stories/Button.stories.ts is part of the TypeScript compilation but it's unused.
WARN Add only entry points to the 'files' or 'include' properties in your tsconfig.
WARN C:/Users/hristofor.kostadinov/Test Projects/Storybook/taskbox/src/stories/Header.stories.ts is part of the TypeScript compilation but it's unused.
WARN Add only entry points to the 'files' or 'include' properties in your tsconfig.
WARN C:/Users/hristofor.kostadinov/Test Projects/Storybook/taskbox/src/stories/Page.stories.ts is part of the TypeScript compilation but it's unused.
WARN Add only entry points to the 'files' or 'include' properties in your tsconfig.
WARN C:/Users/hristofor.kostadinov/Test Projects/Storybook/taskbox/src/stories/User.ts is part of the TypeScript compilation but it's unused.
WARN Add only entry points to the 'files' or 'include' properties in your tsconfig.
WARN C:/Users/hristofor.kostadinov/Test Projects/Storybook/taskbox/src/stories/button.component.ts is part of the TypeScript compilation but it's unused.
WARN Add only entry points to the 'files' or 'include' properties in your tsconfig.
WARN C:/Users/hristofor.kostadinov/Test Projects/Storybook/taskbox/src/stories/header.component.ts is part of the TypeScript compilation but it's unused.
WARN Add only entry points to the 'files' or 'include' properties in your tsconfig.
WARN C:/Users/hristofor.kostadinov/Test Projects/Storybook/taskbox/src/stories/page.component.ts is part of the TypeScript compilation but it's unused.
WARN Add only entry points to the 'files' or 'include' properties in your tsconfig.
WARN asset size limit: The following asset(s) exceed the recommended size limit (244 KiB).
WARN This can impact web performance.
WARN Assets: 
WARN   493.1f797d15.iframe.bundle.js (816 KiB)
WARN   433.b0969e3c.iframe.bundle.js (796 KiB)
WARN   841.2ddd4272.iframe.bundle.js (583 KiB)
WARN   117.17c94900.iframe.bundle.js (2.53 MiB)
WARN   947.77bdc1e3.iframe.bundle.js (877 KiB)
WARN entrypoint size limit: The following entrypoint(s) combined asset size exceeds the recommended limit (244 KiB). This can impact web performance.
WARN Entrypoints:
WARN   main (2.64 MiB)
WARN       runtime~main.a853c19f.iframe.bundle.js
WARN       117.17c94900.iframe.bundle.js
WARN       main.72b66c21c40c5a5549a1.css
WARN       main.4d598427.iframe.bundle.js
WARN 
info => Preview built (2.27 min)
info => Output directory: C:\Users\HRISTO~1.KOS\AppData\Local\Temp\chromatic--19164-XeTrjSe1n4bM
